0 info it worked if it ends with ok
1 verbose cli [ '/usr/bin/nodejs', '/usr/bin/npm', 'run', 'migrate' ]
2 info using npm@3.10.10
3 info using node@v6.11.0
4 verbose run-script [ 'premigrate', 'migrate', 'postmigrate' ]
5 info lifecycle mage@4.5.0~premigrate: mage@4.5.0
6 silly lifecycle mage@4.5.0~premigrate: no script for premigrate, continuing
7 info lifecycle mage@4.5.0~migrate: mage@4.5.0
8 verbose lifecycle mage@4.5.0~migrate: unsafe-perm in lifecycle true
9 verbose lifecycle mage@4.5.0~migrate: PATH: /usr/lib/node_modules/npm/bin/node-gyp-bin:/home/steffen/WebstormProjects/mage-server/node_modules/.bin:/home/steffen/.sdkman/candidates/springboot/current/bin:/home/steffen/.sdkman/candidates/lazybones/current/bin:/home/steffen/.sdkman/candidates/groovy/current/bin:/home/steffen/.sdkman/candidates/grails/current/bin:/home/steffen/.sdkman/candidates/gradle/current/bin:/usr/local/sbin:/usr/local/bin:/usr/sbin:/usr/bin:/sbin:/bin:/usr/games:/usr/local/games:/snap/bin:/home/steffen/.rvm/bin:/home/steffen/.rvm/bin
10 verbose lifecycle mage@4.5.0~migrate: CWD: /home/steffen/WebstormProjects/mage-server
11 silly lifecycle mage@4.5.0~migrate: Args: [ '-c', 'mm --config=migrations/mm-config.js' ]
12 info lifecycle mage@4.5.0~migrate: Failed to exec migrate script
13 verbose stack Error: mage@4.5.0 migrate: `mm --config=migrations/mm-config.js`
13 verbose stack spawn ENOENT
13 verbose stack     at ChildProcess.<anonymous> (/usr/lib/node_modules/npm/lib/utils/spawn.js:33:16)
13 verbose stack     at emitTwo (events.js:106:13)
13 verbose stack     at ChildProcess.emit (events.js:191:7)
13 verbose stack     at maybeClose (internal/child_process.js:891:16)
13 verbose stack     at Process.ChildProcess._handle.onexit (internal/child_process.js:226:5)
14 verbose pkgid mage@4.5.0
15 verbose cwd /home/steffen/WebstormProjects/mage-server
16 error Linux 4.4.0-81-generic
17 error argv "/usr/bin/nodejs" "/usr/bin/npm" "run" "migrate"
18 error node v6.11.0
19 error npm  v3.10.10
20 error file sh
21 error code ELIFECYCLE
22 error errno ENOENT
23 error syscall spawn
24 error mage@4.5.0 migrate: `mm --config=migrations/mm-config.js`
24 error spawn ENOENT
25 error Failed at the mage@4.5.0 migrate script 'mm --config=migrations/mm-config.js'.
25 error Make sure you have the latest version of node.js and npm installed.
25 error If you do, this is most likely a problem with the mage package,
25 error not with npm itself.
25 error Tell the author that this fails on your system:
25 error     mm --config=migrations/mm-config.js
25 error You can get information on how to open an issue for this project with:
25 error     npm bugs mage
25 error Or if that isn't available, you can get their info via:
25 error     npm owner ls mage
25 error There is likely additional logging output above.
26 verbose exit [ 1, true ]
